{
  "stats": {
    "suites": 1,
    "tests": 1,
    "passes": 0,
    "pending": 0,
    "failures": 1,
    "start": "2025-10-08T17:07:56.675Z",
    "end": "2025-10-08T17:08:43.677Z",
    "duration": 47002,
    "testsRegistered": 1,
    "passPercent": 0,
    "pendingPercent": 0,
    "other": 0,
    "hasOther": false,
    "skipped": 0,
    "hasSkipped": false
  },
  "results": [
    {
      "uuid": "c960c86f-2a09-4feb-9e6c-1de2363356a5",
      "title": "",
      "fullFile": "cypress/e2e/signup.cy.js",
      "file": "cypress/e2e/signup.cy.js",
      "beforeHooks": [],
      "afterHooks": [],
      "tests": [],
      "suites": [
        {
          "uuid": "c2dd5973-d21c-47c7-bb9b-363d16df6c0c",
          "title": "TeamTrace Sign Up Page",
          "fullFile": "",
          "file": "",
          "beforeHooks": [],
          "afterHooks": [],
          "tests": [
            {
              "title": "should complete both steps of the sign up form",
              "fullTitle": "TeamTrace Sign Up Page should complete both steps of the sign up form",
              "timedOut": null,
              "duration": 43446,
              "state": "failed",
              "speed": null,
              "pass": false,
              "fail": true,
              "pending": false,
              "context": null,
              "code": "cy.fixture('signup').then(data => {\n  console.log(data.validUser);\n  cy.visit('https://dev2.teamtrace.app/register');\n  cy.contains('Sign Up').should('be.visible');\n  cy.contains('First Name').parent().find('input').type(data.validUser.firstName);\n  cy.contains('Last Name').parent().find('input').type(data.validUser.lastName);\n  cy.contains('Email ID').parent().find('input').type(data.validUser.email);\n  cy.contains('Password').parent().find('input').type(data.validUser.password);\n  cy.contains('Next Step').click();\n  cy.wait(2000);\n  cy.contains('Organization Name', {\n    timeout: 10000\n  }).should('be.visible');\n  cy.contains('Organization Name').parent().find('input').type(data.validUser.organizationName);\n  cy.contains('Organization Location').parent().find('input').type(data.validUser.organizationLocation);\n  cy.contains('Contact Number').parent().find('input').type(data.validUser.contactNumber);\n  cy.get('input[type=\"checkbox\"]').check();\n  cy.wait(20000);\n  cy.get('#register_button_track').click();\n  cy.contains('Welcome To TeamTrace').should('be.visible');\n});",
              "err": {
                "message": "CypressError: Timed out retrying after 4050ms: `cy.click()` failed because this element is `disabled`:\n\n`<button class=\"MuiButtonBase-root MuiButton-root MuiButton-contained MuiButton-containedPrimary MuiButton-sizeLarge MuiButton-containedSizeLarge MuiButton-colorPrimary Mui-disabled MuiButton-root MuiButton-contained MuiButton-containedPrimary MuiButton-sizeLarge MuiButton-containedSizeLarge MuiButton-colorPrimary fw-bold css-110xwq5\" tabindex=\"-1\" type=\"button\" disabled=\"\" id=\"register_button_track\">Get sta...</button>`\n\nFix this problem, or use `{force: true}` to disable error checking.\n\nhttps://on.cypress.io/element-cannot-be-interacted-with",
                "estack": "CypressError: Timed out retrying after 4050ms: `cy.click()` failed because this element is `disabled`:\n\n`<button class=\"MuiButtonBase-root MuiButton-root MuiButton-contained MuiButton-containedPrimary MuiButton-sizeLarge MuiButton-containedSizeLarge MuiButton-colorPrimary Mui-disabled MuiButton-root MuiButton-contained MuiButton-containedPrimary MuiButton-sizeLarge MuiButton-containedSizeLarge MuiButton-colorPrimary fw-bold css-110xwq5\" tabindex=\"-1\" type=\"button\" disabled=\"\" id=\"register_button_track\">Get sta...</button>`\n\nFix this problem, or use `{force: true}` to disable error checking.\n\nhttps://on.cypress.io/element-cannot-be-interacted-with\n    at Object.isNotDisabled (https://dev2.teamtrace.app/__cypress/runner/cypress_runner.js:144336:58)\n    at runAllChecks (https://dev2.teamtrace.app/__cypress/runner/cypress_runner.js:112165:26)\n    at retryActionability (https://dev2.teamtrace.app/__cypress/runner/cypress_runner.js:112254:16)\n    at tryCatcher (https://dev2.teamtrace.app/__cypress/runner/cypress_runner.js:1807:23)\n    at Promise.attempt.Promise.try (https://dev2.teamtrace.app/__cypress/runner/cypress_runner.js:4315:29)\n    at whenStable (https://dev2.teamtrace.app/__cypress/runner/cypress_runner.js:143192:68)\n    at <unknown> (https://dev2.teamtrace.app/__cypress/runner/cypress_runner.js:143133:14)\n    at tryCatcher (https://dev2.teamtrace.app/__cypress/runner/cypress_runner.js:1807:23)\n    at Promise._settlePromiseFromHandler (https://dev2.teamtrace.app/__cypress/runner/cypress_runner.js:1519:31)\n    at Promise._settlePromise (https://dev2.teamtrace.app/__cypress/runner/cypress_runner.js:1576:18)\n    at Promise._settlePromise0 (https://dev2.teamtrace.app/__cypress/runner/cypress_runner.js:1621:10)\n    at Promise._settlePromises (https://dev2.teamtrace.app/__cypress/runner/cypress_runner.js:1701:18)\n    at Promise._fulfill (https://dev2.teamtrace.app/__cypress/runner/cypress_runner.js:1645:18)\n    at <unknown> (https://dev2.teamtrace.app/__cypress/runner/cypress_runner.js:5450:46)\nFrom Your Spec Code:\n    at Context.eval (webpack://cypress-e2e-template/./cypress/e2e/signup.cy.js:19:39)",
                "diff": null
              },
              "uuid": "5c18c690-b10a-4505-89ee-8ae6b346d383",
              "parentUUID": "c2dd5973-d21c-47c7-bb9b-363d16df6c0c",
              "isHook": false,
              "skipped": false
            }
          ],
          "suites": [],
          "passes": [],
          "failures": [
            "5c18c690-b10a-4505-89ee-8ae6b346d383"
          ],
          "pending": [],
          "skipped": [],
          "duration": 43446,
          "root": false,
          "rootEmpty": false,
          "_timeout": 2000
        }
      ],
      "passes": [],
      "failures": [],
      "pending": [],
      "skipped": [],
      "duration": 0,
      "root": true,
      "rootEmpty": true,
      "_timeout": 2000
    }
  ],
  "meta": {
    "mocha": {
      "version": "7.0.1"
    },
    "mochawesome": {
      "options": {
        "quiet": false,
        "reportFilename": "mochawesome",
        "saveHtml": false,
        "saveJson": true,
        "consoleReporter": "spec",
        "useInlineDiffs": false,
        "code": true
      },
      "version": "7.1.4"
    },
    "marge": {
      "options": {
        "reportDir": "cypress/reports/json",
        "overwrite": false,
        "html": false,
        "json": true
      },
      "version": "6.3.0"
    }
  }
}